* Starting client
* Connecting to master process on port 15127
* Analyzing classpath: 
  - C:\Users\Ariton\Desktop\Workspace\506_Ariton_Cosmin_Proiect_Curs_TV\target\test-classes
  - C:\Users\Ariton\Desktop\Workspace\506_Ariton_Cosmin_Proiect_Curs_TV\target\classes
  - C:\Users\Ariton\.m2\repository\junit\junit\4.12\junit-4.12.jar
  - C:\Users\Ariton\.m2\repository\org\hamcrest\hamcrest-core\1.3\hamcrest-core-1.3.jar
* Finished analyzing classpath
* Generating tests for class Exam
* Test criteria:
  - Line Coverage
  - Branch Coverage
  - Exception
  - Mutation testing (weak)
  - Method-Output Coverage
  - Top-Level Method Coverage
  - No-Exception Top-Level Method Coverage
  - Context Branch Coverage
* Setting up search algorithm for whole suite generation
* Loaded 22 tests from C:\Users\Ariton\Desktop\Workspace\506_Ariton_Cosmin_Proiect_Curs_TV\.evosuite\evosuite-seeds\Exam.seed
* Total number of test goals: 
  - Line 24
  - Branch 25
  - Exception 0
  - MutationFactory 105
  - Output 19
  - Method 2
  - MethodNoException 2
  - CBranchFitnessFactory 25
* Using seed 1679554739720
* Starting evolution
* Search finished after 31s and 286 generations, 80110 statements, best individual has fitness: 13.333333333333334
* Writing sequences to pool
* Minimizing test suite
* Going to analyze the coverage criteria
* Coverage analysis for criterion LINE
* Coverage of criterion LINE: 100%
* Total number of goals: 24
* Number of covered goals: 24
* Coverage analysis for criterion BRANCH
* Coverage of criterion BRANCH: 100%
* Total number of goals: 25
* Number of covered goals: 25
* Coverage analysis for criterion EXCEPTION
* Coverage of criterion EXCEPTION: 100%
* Total number of goals: 2
* Number of covered goals: 2
* Coverage analysis for criterion WEAKMUTATION
* Coverage of criterion WEAKMUTATION: 100%
* Total number of goals: 105
* Number of covered goals: 105
* Coverage analysis for criterion OUTPUT
* Coverage of criterion OUTPUT: 32%
* Total number of goals: 19
* Number of covered goals: 6
* Coverage analysis for criterion METHOD
* Coverage of criterion METHOD: 100%
* Total number of goals: 2
* Number of covered goals: 2
* Coverage analysis for criterion METHODNOEXCEPTION
* Coverage of criterion METHODNOEXCEPTION: 100%
* Total number of goals: 2
* Number of covered goals: 2
* Coverage analysis for criterion CBRANCH
* Coverage of criterion CBRANCH: 100%
* Total number of goals: 25
* Number of covered goals: 25
* Generated 21 tests with total length 84
* Resulting test suite's coverage: 91% (average coverage for all fitness functions)
* Generating assertions
* Resulting test suite's mutation score: 90%
* Compiling and checking tests
* Writing JUnit test case 'Exam_ESTest' to C:\Users\Ariton\Desktop\Workspace\506_Ariton_Cosmin_Proiect_Curs_TV\.evosuite\tmp_2023_03_23_08_58_56\tests
* Done!

